c:\users\sart2302\documents\github\projet-session-boule-et-billes\projet\petitmoteur3d\x64\debug\petitmoteur3d.pch
c:\users\sart2302\documents\github\projet-session-boule-et-billes\projet\petitmoteur3d\x64\debug\vc142.pdb
c:\users\sart2302\documents\github\projet-session-boule-et-billes\projet\petitmoteur3d\x64\debug\stdafx.obj
c:\users\sart2302\documents\github\projet-session-boule-et-billes\projet\petitmoteur3d\x64\debug\bloceffet1.obj
c:\users\sart2302\documents\github\projet-session-boule-et-billes\projet\petitmoteur3d\x64\debug\checkpoint.obj
c:\users\sart2302\documents\github\projet-session-boule-et-billes\projet\petitmoteur3d\x64\debug\moteur.obj
c:\users\sart2302\documents\github\projet-session-boule-et-billes\projet\petitmoteur3d\x64\debug\scenemanager.obj
c:\users\sart2302\documents\github\projet-session-boule-et-billes\projet\petitmoteur3d\x64\debug\basiccolider.obj
c:\users\sart2302\documents\github\projet-session-boule-et-billes\projet\petitmoteur3d\x64\debug\dispositifd3d11.obj
c:\users\sart2302\documents\github\projet-session-boule-et-billes\projet\petitmoteur3d\x64\debug\fileobject.obj
c:\users\sart2302\documents\github\projet-session-boule-et-billes\projet\petitmoteur3d\x64\debug\horloge.obj
c:\users\sart2302\documents\github\projet-session-boule-et-billes\projet\petitmoteur3d\x64\debug\infodispositif.obj
c:\users\sart2302\documents\github\projet-session-boule-et-billes\projet\petitmoteur3d\x64\debug\menucontroller.obj
c:\users\sart2302\documents\github\projet-session-boule-et-billes\projet\petitmoteur3d\x64\debug\skybox.obj
c:\users\sart2302\documents\github\projet-session-boule-et-billes\projet\petitmoteur3d\x64\debug\bloc.obj
c:\users\sart2302\documents\github\projet-session-boule-et-billes\projet\petitmoteur3d\x64\debug\cube.obj
c:\users\sart2302\documents\github\projet-session-boule-et-billes\projet\petitmoteur3d\x64\debug\obstacle.obj
c:\users\sart2302\documents\github\projet-session-boule-et-billes\projet\petitmoteur3d\x64\debug\terrain.obj
c:\users\sart2302\documents\github\projet-session-boule-et-billes\projet\petitmoteur3d\x64\debug\afficheurpanneau.obj
c:\users\sart2302\documents\github\projet-session-boule-et-billes\projet\petitmoteur3d\x64\debug\enemy.obj
c:\users\sart2302\documents\github\projet-session-boule-et-billes\projet\petitmoteur3d\x64\debug\panneaupe.obj
c:\users\sart2302\documents\github\projet-session-boule-et-billes\projet\petitmoteur3d\x64\debug\physique.obj
c:\users\sart2302\documents\github\projet-session-boule-et-billes\projet\petitmoteur3d\x64\debug\staticobject.obj
c:\users\sart2302\documents\github\projet-session-boule-et-billes\projet\petitmoteur3d\x64\debug\camera.obj
c:\users\sart2302\documents\github\projet-session-boule-et-billes\projet\petitmoteur3d\x64\debug\cdimanipulateur.obj
c:\users\sart2302\documents\github\projet-session-boule-et-billes\projet\petitmoteur3d\x64\debug\contact.obj
c:\users\sart2302\documents\github\projet-session-boule-et-billes\projet\petitmoteur3d\x64\debug\objectimporter.obj
c:\users\sart2302\documents\github\projet-session-boule-et-billes\projet\petitmoteur3d\x64\debug\player.obj
c:\users\sart2302\documents\github\projet-session-boule-et-billes\projet\petitmoteur3d\x64\debug\bonus.obj
c:\users\sart2302\documents\github\projet-session-boule-et-billes\projet\petitmoteur3d\x64\debug\dispositif.obj
c:\users\sart2302\documents\github\projet-session-boule-et-billes\projet\petitmoteur3d\x64\debug\dynamicobject.obj
c:\users\sart2302\documents\github\projet-session-boule-et-billes\projet\petitmoteur3d\x64\debug\moteurwindows.obj
c:\users\sart2302\documents\github\projet-session-boule-et-billes\projet\petitmoteur3d\x64\debug\sommetbloc.obj
c:\users\sart2302\documents\github\projet-session-boule-et-billes\projet\petitmoteur3d\x64\debug\sphere.obj
c:\users\sart2302\documents\github\projet-session-boule-et-billes\projet\petitmoteur3d\x64\debug\afficheurtexte.obj
c:\users\sart2302\documents\github\projet-session-boule-et-billes\projet\petitmoteur3d\x64\debug\cameramanager.obj
c:\users\sart2302\documents\github\projet-session-boule-et-billes\projet\petitmoteur3d\x64\debug\gestionnairedetextures.obj
c:\users\sart2302\documents\github\projet-session-boule-et-billes\projet\petitmoteur3d\x64\debug\lod.obj
c:\users\sart2302\documents\github\projet-session-boule-et-billes\projet\petitmoteur3d\x64\debug\nosbonus.obj
c:\users\sart2302\documents\github\projet-session-boule-et-billes\projet\petitmoteur3d\x64\debug\importedobject.obj
c:\users\sart2302\documents\github\projet-session-boule-et-billes\projet\petitmoteur3d\x64\debug\afficheursprite.obj
c:\users\sart2302\documents\github\projet-session-boule-et-billes\projet\petitmoteur3d\x64\debug\ddstextureloader.obj
c:\users\sart2302\documents\github\projet-session-boule-et-billes\projet\petitmoteur3d\x64\debug\entitymanager.obj
c:\users\sart2302\documents\github\projet-session-boule-et-billes\projet\petitmoteur3d\x64\debug\petitmoteur3d.obj
c:\users\sart2302\documents\github\projet-session-boule-et-billes\projet\petitmoteur3d\x64\debug\texture.obj
c:\users\sart2302\documents\github\projet-session-boule-et-billes\projet\petitmoteur3d\x64\debug\soundclass.obj
c:\users\tibos\onedrive\documents\github\projet-session-boule-et-billes\projet\petitmoteur3d\x64\debug\petitmoteur3d.pch
c:\users\tibos\onedrive\documents\github\projet-session-boule-et-billes\projet\petitmoteur3d\x64\debug\vc142.pdb
c:\users\tibos\onedrive\documents\github\projet-session-boule-et-billes\projet\petitmoteur3d\x64\debug\stdafx.obj
c:\users\tibos\onedrive\documents\github\projet-session-boule-et-billes\projet\petitmoteur3d\x64\debug\afficheurtexte.obj
c:\users\tibos\onedrive\documents\github\projet-session-boule-et-billes\projet\petitmoteur3d\x64\debug\ddstextureloader.obj
c:\users\tibos\onedrive\documents\github\projet-session-boule-et-billes\projet\petitmoteur3d\x64\debug\dispositif.obj
c:\users\tibos\onedrive\documents\github\projet-session-boule-et-billes\projet\petitmoteur3d\x64\debug\dispositifd3d11.obj
c:\users\tibos\onedrive\documents\github\projet-session-boule-et-billes\projet\petitmoteur3d\x64\debug\dynamicobject.obj
c:\users\tibos\onedrive\documents\github\projet-session-boule-et-billes\projet\petitmoteur3d\x64\debug\entitymanager.obj
c:\users\tibos\onedrive\documents\github\projet-session-boule-et-billes\projet\petitmoteur3d\x64\debug\importedobject.obj
c:\users\tibos\onedrive\documents\github\projet-session-boule-et-billes\projet\petitmoteur3d\x64\debug\afficheursprite.obj
c:\users\tibos\onedrive\documents\github\projet-session-boule-et-billes\projet\petitmoteur3d\x64\debug\physique.obj
c:\users\tibos\onedrive\documents\github\projet-session-boule-et-billes\projet\petitmoteur3d\x64\debug\sphere.obj
c:\users\tibos\onedrive\documents\github\projet-session-boule-et-billes\projet\petitmoteur3d\x64\debug\bloc.obj
c:\users\tibos\onedrive\documents\github\projet-session-boule-et-billes\projet\petitmoteur3d\x64\debug\horloge.obj
c:\users\tibos\onedrive\documents\github\projet-session-boule-et-billes\projet\petitmoteur3d\x64\debug\panneaupe.obj
c:\users\tibos\onedrive\documents\github\projet-session-boule-et-billes\projet\petitmoteur3d\x64\debug\player.obj
c:\users\tibos\onedrive\documents\github\projet-session-boule-et-billes\projet\petitmoteur3d\x64\debug\basiccolider.obj
c:\users\tibos\onedrive\documents\github\projet-session-boule-et-billes\projet\petitmoteur3d\x64\debug\gestionnairedetextures.obj
c:\users\tibos\onedrive\documents\github\projet-session-boule-et-billes\projet\petitmoteur3d\x64\debug\moteur.obj
c:\users\tibos\onedrive\documents\github\projet-session-boule-et-billes\projet\petitmoteur3d\x64\debug\terrain.obj
c:\users\tibos\onedrive\documents\github\projet-session-boule-et-billes\projet\petitmoteur3d\x64\debug\bloceffet1.obj
c:\users\tibos\onedrive\documents\github\projet-session-boule-et-billes\projet\petitmoteur3d\x64\debug\moteurwindows.obj
c:\users\tibos\onedrive\documents\github\projet-session-boule-et-billes\projet\petitmoteur3d\x64\debug\texture.obj
c:\users\tibos\onedrive\documents\github\projet-session-boule-et-billes\projet\petitmoteur3d\x64\debug\camera.obj
c:\users\tibos\onedrive\documents\github\projet-session-boule-et-billes\projet\petitmoteur3d\x64\debug\obstacle.obj
c:\users\tibos\onedrive\documents\github\projet-session-boule-et-billes\projet\petitmoteur3d\x64\debug\bonus.obj
c:\users\tibos\onedrive\documents\github\projet-session-boule-et-billes\projet\petitmoteur3d\x64\debug\lod.obj
c:\users\tibos\onedrive\documents\github\projet-session-boule-et-billes\projet\petitmoteur3d\x64\debug\skybox.obj
c:\users\tibos\onedrive\documents\github\projet-session-boule-et-billes\projet\petitmoteur3d\x64\debug\afficheurpanneau.obj
c:\users\tibos\onedrive\documents\github\projet-session-boule-et-billes\projet\petitmoteur3d\x64\debug\menucontroller.obj
c:\users\tibos\onedrive\documents\github\projet-session-boule-et-billes\projet\petitmoteur3d\x64\debug\contact.obj
c:\users\tibos\onedrive\documents\github\projet-session-boule-et-billes\projet\petitmoteur3d\x64\debug\nosbonus.obj
c:\users\tibos\onedrive\documents\github\projet-session-boule-et-billes\projet\petitmoteur3d\x64\debug\checkpoint.obj
c:\users\tibos\onedrive\documents\github\projet-session-boule-et-billes\projet\petitmoteur3d\x64\debug\enemy.obj
c:\users\tibos\onedrive\documents\github\projet-session-boule-et-billes\projet\petitmoteur3d\x64\debug\sommetbloc.obj
c:\users\tibos\onedrive\documents\github\projet-session-boule-et-billes\projet\petitmoteur3d\x64\debug\soundclass.obj
c:\users\tibos\onedrive\documents\github\projet-session-boule-et-billes\projet\petitmoteur3d\x64\debug\staticobject.obj
c:\users\tibos\onedrive\documents\github\projet-session-boule-et-billes\projet\petitmoteur3d\x64\debug\cameramanager.obj
c:\users\tibos\onedrive\documents\github\projet-session-boule-et-billes\projet\petitmoteur3d\x64\debug\fileobject.obj
c:\users\tibos\onedrive\documents\github\projet-session-boule-et-billes\projet\petitmoteur3d\x64\debug\petitmoteur3d.obj
c:\users\tibos\onedrive\documents\github\projet-session-boule-et-billes\projet\petitmoteur3d\x64\debug\cdimanipulateur.obj
c:\users\tibos\onedrive\documents\github\projet-session-boule-et-billes\projet\petitmoteur3d\x64\debug\cube.obj
c:\users\tibos\onedrive\documents\github\projet-session-boule-et-billes\projet\petitmoteur3d\x64\debug\infodispositif.obj
c:\users\tibos\onedrive\documents\github\projet-session-boule-et-billes\projet\petitmoteur3d\x64\debug\objectimporter.obj
c:\users\tibos\onedrive\documents\github\projet-session-boule-et-billes\projet\petitmoteur3d\x64\debug\scenemanager.obj
c:\users\sart2302\documents\github\projet-session-boule-et-billes\projet\x64\debug\miniphong.cso
c:\users\sart2302\documents\github\projet-session-boule-et-billes\projet\x64\debug\ps1.cso
c:\users\sart2302\documents\github\projet-session-boule-et-billes\projet\x64\debug\vs1.cso
c:\users\tibos\onedrive\documents\github\projet-session-boule-et-billes\projet\x64\debug\miniphong.cso
c:\users\tibos\onedrive\documents\github\projet-session-boule-et-billes\projet\x64\debug\ps1.cso
c:\users\tibos\onedrive\documents\github\projet-session-boule-et-billes\projet\x64\debug\vs1.cso
c:\users\sart2302\documents\github\projet-session-boule-et-billes\projet\x64\debug\petitmoteur3d.exe
c:\users\sart2302\documents\github\projet-session-boule-et-billes\projet\petitmoteur3d\x64\debug\petitmoteur3d.ilk
c:\users\sart2302\documents\github\projet-session-boule-et-billes\projet\x64\debug\petitmoteur3d.pdb
c:\users\tibos\onedrive\documents\github\projet-session-boule-et-billes\projet\x64\debug\petitmoteur3d.ilk
c:\users\tibos\onedrive\documents\github\projet-session-boule-et-billes\projet\x64\debug\petitmoteur3d.exe
c:\users\tibos\onedrive\documents\github\projet-session-boule-et-billes\projet\x64\debug\petitmoteur3d.pdb
c:\users\sart2302\documents\github\projet-session-boule-et-billes\projet\petitmoteur3d\x64\debug\petitmoteur3d.res
c:\users\tibos\onedrive\documents\github\projet-session-boule-et-billes\projet\petitmoteur3d\x64\debug\petitmoteur3d.res
c:\users\tibos\onedrive\documents\github\projet-session-boule-et-billes\projet\petitmoteur3d\x64\debug\petitmoteur3d.ilk
c:\users\tibos\onedrive\documents\github\projet-session-boule-et-billes\projet\petitmoteur3d\x64\debug\petitmoteur3d.tlog\cl.command.1.tlog
c:\users\tibos\onedrive\documents\github\projet-session-boule-et-billes\projet\petitmoteur3d\x64\debug\petitmoteur3d.tlog\cl.read.1.tlog
c:\users\tibos\onedrive\documents\github\projet-session-boule-et-billes\projet\petitmoteur3d\x64\debug\petitmoteur3d.tlog\cl.write.1.tlog
c:\users\tibos\onedrive\documents\github\projet-session-boule-et-billes\projet\petitmoteur3d\x64\debug\petitmoteur3d.tlog\fxc.command.1.tlog
c:\users\tibos\onedrive\documents\github\projet-session-boule-et-billes\projet\petitmoteur3d\x64\debug\petitmoteur3d.tlog\fxc.read.1.tlog
c:\users\tibos\onedrive\documents\github\projet-session-boule-et-billes\projet\petitmoteur3d\x64\debug\petitmoteur3d.tlog\fxc.write.1.tlog
c:\users\tibos\onedrive\documents\github\projet-session-boule-et-billes\projet\petitmoteur3d\x64\debug\petitmoteur3d.tlog\link.command.1.tlog
c:\users\tibos\onedrive\documents\github\projet-session-boule-et-billes\projet\petitmoteur3d\x64\debug\petitmoteur3d.tlog\link.read.1.tlog
c:\users\tibos\onedrive\documents\github\projet-session-boule-et-billes\projet\petitmoteur3d\x64\debug\petitmoteur3d.tlog\link.write.1.tlog
c:\users\tibos\onedrive\documents\github\projet-session-boule-et-billes\projet\petitmoteur3d\x64\debug\petitmoteur3d.tlog\rc.command.1.tlog
c:\users\tibos\onedrive\documents\github\projet-session-boule-et-billes\projet\petitmoteur3d\x64\debug\petitmoteur3d.tlog\rc.read.1.tlog
c:\users\tibos\onedrive\documents\github\projet-session-boule-et-billes\projet\petitmoteur3d\x64\debug\petitmoteur3d.tlog\rc.write.1.tlog
