  AfficheurPanneau.cpp
  AfficheurSprite.cpp
  BasicColider.cpp
  Bloc.cpp
  BlocEffet1.cpp
  Bonus.cpp
  Camera.cpp
  CameraManager.cpp
  Contact.cpp
  Cube.cpp
  Enemy.cpp
  EntityManager.cpp
  ImportedObject.cpp
  MenuController.cpp
  Moteur.cpp
  MoteurWindows.cpp
  NosBonus.cpp
  Obstacle.cpp
  PetitMoteur3D.cpp
  Player.cpp
  SceneManager.cpp
  Skybox.cpp
  Sphere.cpp
  StaticObject.cpp
  Terrain.cpp
  PetitMoteur3D.vcxproj -> D:\TRAVAIL\Projet Final\Projet-Session-Boule-et-Billes\Projet\x64\Debug\PetitMoteur3D.exe
